<?xml version="1.0" encoding="UTF-8"?>
<testng-results skipped="0" failed="0" ignored="0" total="1" passed="1">
  <reporter-output>
  </reporter-output>
  <suite name="Default suite" duration-ms="12583" started-at="2021-11-22T09:59:24 CET" finished-at="2021-11-22T09:59:37 CET">
    <groups>
    </groups>
    <test name="Default test" duration-ms="12583" started-at="2021-11-22T09:59:24 CET" finished-at="2021-11-22T09:59:37 CET">
      <class name="AxeTrading.Task.TestListFromTable">
        <test-method status="PASS" signature="launchBrowserAndGoToTableURL()[pri:0, instance:AxeTrading.Task.TestListFromTable@4461c7e3]" name="launchBrowserAndGoToTableURL" is-config="true" duration-ms="3075" started-at="2021-11-22T09:59:21 CET" finished-at="2021-11-22T09:59:24 CET">
          <reporter-output>
          </reporter-output>
        </test-method> <!-- launchBrowserAndGoToTableURL -->
        <test-method status="PASS" signature="testListFromBlotterTable()[pri:0, instance:AxeTrading.Task.TestListFromTable@4461c7e3]" name="testListFromBlotterTable" duration-ms="12522" started-at="2021-11-22T09:59:24 CET" finished-at="2021-11-22T09:59:37 CET">
          <reporter-output>
          </reporter-output>
        </test-method> <!-- testListFromBlotterTable -->
        <test-method status="PASS" signature="closeBrowser()[pri:0, instance:AxeTrading.Task.TestListFromTable@4461c7e3]" name="closeBrowser" is-config="true" duration-ms="928" started-at="2021-11-22T09:59:37 CET" finished-at="2021-11-22T09:59:38 CET">
          <reporter-output>
          </reporter-output>
        </test-method> <!-- closeBrowser -->
      </class> <!-- AxeTrading.Task.TestListFromTable -->
    </test> <!-- Default test -->
  </suite> <!-- Default suite -->
</testng-results>
